{"/home/ubuntu/workspace/test.js":{"path":"/home/ubuntu/workspace/test.js","s":{"1":1,"2":1,"3":1,"4":1,"5":1,"6":1,"7":1,"8":10,"9":1,"10":1,"11":1,"12":1,"13":1,"14":1,"15":21,"16":1,"17":1,"18":1,"19":1,"20":1,"21":10,"22":1,"23":1,"24":1,"25":1,"26":1,"27":1,"28":42,"29":1,"30":1,"31":1,"32":1,"33":1,"34":1,"35":1,"36":1,"37":1,"38":1,"39":1,"40":1,"41":1,"42":1,"43":1,"44":1,"45":1,"46":1,"47":1},"b":{},"f":{},"fnMap":{},"statementMap":{"1":{"start":{"line":3,"column":0},"end":{"line":3,"column":37}},"2":{"start":{"line":4,"column":0},"end":{"line":4,"column":32}},"3":{"start":{"line":6,"column":0},"end":{"line":16,"column":2}},"4":{"start":{"line":8,"column":2},"end":{"line":14,"column":4}},"5":{"start":{"line":9,"column":4},"end":{"line":9,"column":26}},"6":{"start":{"line":10,"column":4},"end":{"line":10,"column":61}},"7":{"start":{"line":11,"column":4},"end":{"line":13,"column":6}},"8":{"start":{"line":12,"column":6},"end":{"line":12,"column":71}},"9":{"start":{"line":18,"column":0},"end":{"line":51,"column":2}},"10":{"start":{"line":20,"column":2},"end":{"line":28,"column":4}},"11":{"start":{"line":22,"column":4},"end":{"line":22,"column":49}},"12":{"start":{"line":23,"column":4},"end":{"line":23,"column":34}},"13":{"start":{"line":24,"column":4},"end":{"line":24,"column":67}},"14":{"start":{"line":25,"column":4},"end":{"line":27,"column":6}},"15":{"start":{"line":26,"column":6},"end":{"line":26,"column":71}},"16":{"start":{"line":30,"column":2},"end":{"line":38,"column":4}},"17":{"start":{"line":32,"column":4},"end":{"line":32,"column":49}},"18":{"start":{"line":33,"column":4},"end":{"line":33,"column":45}},"19":{"start":{"line":34,"column":4},"end":{"line":34,"column":61}},"20":{"start":{"line":35,"column":4},"end":{"line":37,"column":6}},"21":{"start":{"line":36,"column":6},"end":{"line":36,"column":77}},"22":{"start":{"line":40,"column":2},"end":{"line":49,"column":4}},"23":{"start":{"line":42,"column":4},"end":{"line":42,"column":49}},"24":{"start":{"line":43,"column":4},"end":{"line":43,"column":49}},"25":{"start":{"line":44,"column":4},"end":{"line":44,"column":44}},"26":{"start":{"line":45,"column":4},"end":{"line":45,"column":67}},"27":{"start":{"line":46,"column":4},"end":{"line":48,"column":6}},"28":{"start":{"line":47,"column":6},"end":{"line":47,"column":77}},"29":{"start":{"line":53,"column":0},"end":{"line":93,"column":2}},"30":{"start":{"line":55,"column":2},"end":{"line":58,"column":4}},"31":{"start":{"line":56,"column":4},"end":{"line":56,"column":48}},"32":{"start":{"line":57,"column":4},"end":{"line":57,"column":59}},"33":{"start":{"line":60,"column":2},"end":{"line":63,"column":4}},"34":{"start":{"line":61,"column":4},"end":{"line":61,"column":54}},"35":{"start":{"line":62,"column":4},"end":{"line":62,"column":82}},"36":{"start":{"line":65,"column":2},"end":{"line":70,"column":4}},"37":{"start":{"line":66,"column":4},"end":{"line":66,"column":50}},"38":{"start":{"line":67,"column":4},"end":{"line":69,"column":5}},"39":{"start":{"line":72,"column":2},"end":{"line":77,"column":4}},"40":{"start":{"line":73,"column":4},"end":{"line":73,"column":50}},"41":{"start":{"line":74,"column":4},"end":{"line":76,"column":5}},"42":{"start":{"line":79,"column":2},"end":{"line":84,"column":4}},"43":{"start":{"line":80,"column":4},"end":{"line":80,"column":50}},"44":{"start":{"line":81,"column":4},"end":{"line":83,"column":5}},"45":{"start":{"line":86,"column":2},"end":{"line":91,"column":4}},"46":{"start":{"line":87,"column":4},"end":{"line":87,"column":50}},"47":{"start":{"line":88,"column":4},"end":{"line":90,"column":5}}},"branchMap":{}},"/home/ubuntu/workspace/index.js":{"path":"/home/ubuntu/workspace/index.js","s":{"1":1,"2":10,"3":10,"4":10,"5":9,"6":10,"7":6,"8":10,"9":10,"10":10,"11":10,"12":10,"13":10,"14":10,"15":10,"16":10,"17":10,"18":689,"19":689,"20":689,"21":31332,"22":689,"23":23,"24":689,"25":683,"26":10},"b":{"1":[9,1],"2":[6,4],"3":[10,0],"4":[10,0],"5":[10,0],"6":[10,0],"7":[9,1],"8":[683,6]},"f":{"1":10},"fnMap":{"1":{"name":"(anonymous_1)","line":10,"loc":{"start":{"line":10,"column":17},"end":{"line":19,"column":3}}}},"statementMap":{"1":{"start":{"line":10,"column":0},"end":{"line":86,"column":1}},"2":{"start":{"line":21,"column":2},"end":{"line":21,"column":16}},"3":{"start":{"line":22,"column":2},"end":{"line":22,"column":16}},"4":{"start":{"line":25,"column":2},"end":{"line":31,"column":4}},"5":{"start":{"line":25,"column":30},"end":{"line":31,"column":4}},"6":{"start":{"line":34,"column":2},"end":{"line":38,"column":4}},"7":{"start":{"line":34,"column":26},"end":{"line":38,"column":4}},"8":{"start":{"line":41,"column":2},"end":{"line":43,"column":4}},"9":{"start":{"line":41,"column":32},"end":{"line":43,"column":4}},"10":{"start":{"line":46,"column":2},"end":{"line":48,"column":3}},"11":{"start":{"line":46,"column":27},"end":{"line":48,"column":3}},"12":{"start":{"line":51,"column":2},"end":{"line":53,"column":3}},"13":{"start":{"line":51,"column":27},"end":{"line":53,"column":3}},"14":{"start":{"line":56,"column":2},"end":{"line":58,"column":3}},"15":{"start":{"line":56,"column":32},"end":{"line":58,"column":3}},"16":{"start":{"line":61,"column":2},"end":{"line":61,"column":39}},"17":{"start":{"line":64,"column":2},"end":{"line":82,"column":3}},"18":{"start":{"line":67,"column":4},"end":{"line":67,"column":65}},"19":{"start":{"line":70,"column":4},"end":{"line":70,"column":14}},"20":{"start":{"line":71,"column":4},"end":{"line":73,"column":5}},"21":{"start":{"line":72,"column":6},"end":{"line":72,"column":56}},"22":{"start":{"line":77,"column":4},"end":{"line":77,"column":43}},"23":{"start":{"line":77,"column":25},"end":{"line":77,"column":43}},"24":{"start":{"line":80,"column":4},"end":{"line":80,"column":41}},"25":{"start":{"line":80,"column":28},"end":{"line":80,"column":41}},"26":{"start":{"line":84,"column":2},"end":{"line":84,"column":14}}},"branchMap":{"1":{"line":25,"type":"if","locations":[{"start":{"line":25,"column":2},"end":{"line":25,"column":2}},{"start":{"line":25,"column":2},"end":{"line":25,"column":2}}]},"2":{"line":34,"type":"if","locations":[{"start":{"line":34,"column":2},"end":{"line":34,"column":2}},{"start":{"line":34,"column":2},"end":{"line":34,"column":2}}]},"3":{"line":41,"type":"if","locations":[{"start":{"line":41,"column":2},"end":{"line":41,"column":2}},{"start":{"line":41,"column":2},"end":{"line":41,"column":2}}]},"4":{"line":46,"type":"if","locations":[{"start":{"line":46,"column":2},"end":{"line":46,"column":2}},{"start":{"line":46,"column":2},"end":{"line":46,"column":2}}]},"5":{"line":51,"type":"if","locations":[{"start":{"line":51,"column":2},"end":{"line":51,"column":2}},{"start":{"line":51,"column":2},"end":{"line":51,"column":2}}]},"6":{"line":56,"type":"if","locations":[{"start":{"line":56,"column":2},"end":{"line":56,"column":2}},{"start":{"line":56,"column":2},"end":{"line":56,"column":2}}]},"7":{"line":61,"type":"cond-expr","locations":[{"start":{"line":61,"column":34},"end":{"line":61,"column":35}},{"start":{"line":61,"column":38},"end":{"line":61,"column":39}}]},"8":{"line":80,"type":"if","locations":[{"start":{"line":80,"column":4},"end":{"line":80,"column":4}},{"start":{"line":80,"column":4},"end":{"line":80,"column":4}}]}}}}