TN:
SF:/home/ubuntu/workspace/test.js
FNF:0
FNH:0
DA:3,1
DA:4,1
DA:6,1
DA:8,1
DA:9,1
DA:10,1
DA:11,1
DA:12,10
DA:18,1
DA:20,1
DA:22,1
DA:23,1
DA:24,1
DA:25,1
DA:26,21
DA:30,1
DA:32,1
DA:33,1
DA:34,1
DA:35,1
DA:36,10
DA:40,1
DA:42,1
DA:43,1
DA:44,1
DA:45,1
DA:46,1
DA:47,42
DA:53,1
DA:55,1
DA:56,1
DA:57,1
DA:60,1
DA:61,1
DA:62,1
DA:65,1
DA:66,1
DA:67,1
DA:72,1
DA:73,1
DA:74,1
DA:79,1
DA:80,1
DA:81,1
DA:86,1
DA:87,1
DA:88,1
LF:47
LH:47
BRF:0
BRH:0
end_of_record
TN:
SF:/home/ubuntu/workspace/index.js
FN:10,(anonymous_1)
FNF:1
FNH:1
FNDA:10,(anonymous_1)
DA:10,1
DA:21,10
DA:22,10
DA:25,10
DA:34,10
DA:41,10
DA:46,10
DA:51,10
DA:56,10
DA:61,10
DA:64,10
DA:67,689
DA:70,689
DA:71,689
DA:72,31332
DA:77,689
DA:80,689
DA:84,10
LF:18
LH:18
BRDA:25,1,0,9
BRDA:25,1,1,1
BRDA:34,2,0,6
BRDA:34,2,1,4
BRDA:41,3,0,10
BRDA:41,3,1,0
BRDA:46,4,0,10
BRDA:46,4,1,0
BRDA:51,5,0,10
BRDA:51,5,1,0
BRDA:56,6,0,10
BRDA:56,6,1,0
BRDA:61,7,0,9
BRDA:61,7,1,1
BRDA:80,8,0,683
BRDA:80,8,1,6
BRF:16
BRH:12
end_of_record
